<?xml version="1.0" encoding="UTF-8"?>
<!-- Generated by org.testng.reporters.JUnitXMLReporter -->
<testsuite ignored="4" hostname="LAPTOP-8IINSRMD" failures="0" tests="9" name="OrangeHRMTest" time="82.528" errors="0" timestamp="2026-04-02T21:05:35 IST">
  <testcase classname="orangehrmproject.test.ApiTest" name="verifyGetUsersApi" time="3.396"/>
  <testcase classname="orangehrmproject.test.DummyClass2" name="dummyTest" time="0.109"/>
  <testcase classname="orangehrmproject.test.DummyClass" name="dummyTest" time="0.86"/>
  <testcase classname="orangehrmproject.test.LoginPageTest" name="invalidLoginTest" time="12.28"/>
  <testcase classname="orangehrmproject.test.HomePageTest" name="verifyOrangeHRMLogo" time="18.884"/>
  <testcase classname="orangehrmproject.test.DBVerificationTest" name="verifyEmpNameFromDb" time="37.352"/>
  <testcase classname="orangehrmproject.test.HomePageTest" name="verifyOrangeHRMLogo" time="7.819"/>
  <testcase classname="orangehrmproject.test.LoginPageTest" name="verifyValidLoginTest" time="18.057"/>
  <testcase classname="orangehrmproject.test.LoginPageTest" name="verifyValidLoginTest" time="10.252"/>
  <testcase classname="com.orangehrm.base.BaseClass" name="@BeforeSuite loadconfig" time="0.0">
    <ignored/>
  </testcase> <!-- @BeforeSuite loadconfig -->
  <testcase classname="com.orangehrm.base.BaseClass" name="@BeforeSuite loadconfig" time="0.0">
    <ignored/>
  </testcase> <!-- @BeforeSuite loadconfig -->
  <testcase classname="com.orangehrm.base.BaseClass" name="@BeforeSuite loadconfig" time="0.0">
    <ignored/>
  </testcase> <!-- @BeforeSuite loadconfig -->
  <testcase classname="com.orangehrm.base.BaseClass" name="@BeforeSuite loadconfig" time="0.0">
    <ignored/>
  </testcase> <!-- @BeforeSuite loadconfig -->
</testsuite> <!-- OrangeHRMTest -->
