<?xml version="1.0" encoding="UTF-8"?>
<!-- Generated by org.testng.reporters.JUnitXMLReporter -->
<testsuite ignored="4" hostname="LAPTOP-8IINSRMD" failures="0" tests="9" name="OrangeHRMTest" time="78.935" errors="0" timestamp="2026-04-03T17:29:52 IST">
  <testcase classname="orangehrmproject.test.ApiTest" name="verifyGetUsersApi" time="4.447"/>
  <testcase classname="orangehrmproject.test.DummyClass2" name="dummyTest" time="0.109"/>
  <testcase classname="orangehrmproject.test.DummyClass" name="dummyTest" time="0.046"/>
  <testcase classname="orangehrmproject.test.LoginPageTest" name="invalidLoginTest" time="11.758"/>
  <testcase classname="orangehrmproject.test.HomePageTest" name="verifyOrangeHRMLogo" time="14.965"/>
  <testcase classname="orangehrmproject.test.DBVerificationTest" name="verifyEmpNameFromDb" time="21.785"/>
  <testcase classname="orangehrmproject.test.HomePageTest" name="verifyOrangeHRMLogo" time="4.253"/>
  <testcase classname="orangehrmproject.test.LoginPageTest" name="verifyValidLoginTest" time="11.145"/>
  <testcase classname="orangehrmproject.test.LoginPageTest" name="verifyValidLoginTest" time="10.252"/>
  <testcase classname="com.orangehrm.base.BaseClass" name="@BeforeSuite loadconfig" time="0.0">
    <ignored/>
  </testcase> <!-- @BeforeSuite loadconfig -->
  <testcase classname="com.orangehrm.base.BaseClass" name="@BeforeSuite loadconfig" time="0.0">
    <ignored/>
  </testcase> <!-- @BeforeSuite loadconfig -->
  <testcase classname="com.orangehrm.base.BaseClass" name="@BeforeSuite loadconfig" time="0.0">
    <ignored/>
  </testcase> <!-- @BeforeSuite loadconfig -->
  <testcase classname="com.orangehrm.base.BaseClass" name="@BeforeSuite loadconfig" time="0.0">
    <ignored/>
  </testcase> <!-- @BeforeSuite loadconfig -->
</testsuite> <!-- OrangeHRMTest -->
