<?xml version="1.0" encoding="UTF-8"?>
<!-- Generated by org.testng.reporters.JUnitXMLReporter -->
<testsuite ignored="4" hostname="LAPTOP-8IINSRMD" failures="0" tests="9" name="OrangeHRMTest" time="51.053" errors="0" timestamp="2026-04-02T20:53:13 IST">
  <testcase classname="orangehrmproject.test.ApiTest" name="verifyGetUsersApi" time="2.956"/>
  <testcase classname="orangehrmproject.test.DummyClass2" name="dummyTest" time="0.032"/>
  <testcase classname="orangehrmproject.test.DummyClass" name="dummyTest" time="0.082"/>
  <testcase classname="orangehrmproject.test.LoginPageTest" name="invalidLoginTest" time="5.504"/>
  <testcase classname="orangehrmproject.test.HomePageTest" name="verifyOrangeHRMLogo" time="5.49"/>
  <testcase classname="orangehrmproject.test.DBVerificationTest" name="verifyEmpNameFromDb" time="16.23"/>
  <testcase classname="orangehrmproject.test.HomePageTest" name="verifyOrangeHRMLogo" time="4.917"/>
  <testcase classname="orangehrmproject.test.LoginPageTest" name="verifyValidLoginTest" time="11.053"/>
  <testcase classname="orangehrmproject.test.LoginPageTest" name="verifyValidLoginTest" time="9.156"/>
  <testcase classname="com.orangehrm.base.BaseClass" name="@BeforeSuite loadconfig" time="0.0">
    <ignored/>
  </testcase> <!-- @BeforeSuite loadconfig -->
  <testcase classname="com.orangehrm.base.BaseClass" name="@BeforeSuite loadconfig" time="0.0">
    <ignored/>
  </testcase> <!-- @BeforeSuite loadconfig -->
  <testcase classname="com.orangehrm.base.BaseClass" name="@BeforeSuite loadconfig" time="0.0">
    <ignored/>
  </testcase> <!-- @BeforeSuite loadconfig -->
  <testcase classname="com.orangehrm.base.BaseClass" name="@BeforeSuite loadconfig" time="0.0">
    <ignored/>
  </testcase> <!-- @BeforeSuite loadconfig -->
</testsuite> <!-- OrangeHRMTest -->
