<?xml version="1.0" encoding="UTF-8"?>
<!-- Generated by org.testng.reporters.JUnitXMLReporter -->
<testsuite ignored="3" hostname="LAPTOP-8IINSRMD" failures="0" tests="5" name="orangeHRMTest1" time="78.961" errors="0" timestamp="2026-03-30T07:11:22 IST">
  <testcase classname="orangehrmproject.test.DummyClass" name="dummyTest" time="0.052"/>
  <testcase classname="orangehrmproject.test.DummyClass2" name="dummyTest" time="0.032"/>
  <testcase classname="orangehrmproject.test.LoginPageTest" name="invalidLoginTest" time="2.921"/>
  <testcase classname="orangehrmproject.test.LoginPageTest" name="verifyValidLoginTest" time="13.382"/>
  <testcase classname="orangehrmproject.test.HomePageTest" name="verifyOrangeHRMLogo" time="3.164"/>
  <testcase classname="com.orangehrm.base.BaseClass" name="@BeforeSuite loadconfig" time="0.0">
    <ignored/>
  </testcase> <!-- @BeforeSuite loadconfig -->
  <testcase classname="com.orangehrm.base.BaseClass" name="@BeforeSuite loadconfig" time="0.0">
    <ignored/>
  </testcase> <!-- @BeforeSuite loadconfig -->
  <testcase classname="com.orangehrm.base.BaseClass" name="@BeforeSuite loadconfig" time="0.0">
    <ignored/>
  </testcase> <!-- @BeforeSuite loadconfig -->
</testsuite> <!-- orangeHRMTest1 -->
