<?xml version="1.0" encoding="UTF-8"?>
<!-- Generated by org.testng.reporters.JUnitXMLReporter -->
<testsuite ignored="4" hostname="LAPTOP-8IINSRMD" failures="0" tests="9" name="OrangeHRMTest_edge" time="109.867" errors="0" timestamp="2026-04-08T15:43:16 IST">
  <testcase classname="orangehrmproject.test.DummyClass2" name="dummyTest" time="0.035"/>
  <testcase classname="orangehrmproject.test.DummyClass" name="dummyTest" time="0.201"/>
  <testcase classname="orangehrmproject.test.LoginPageTest" name="invalidLoginTest" time="9.668"/>
  <testcase classname="orangehrmproject.test.HomePageTest" name="verifyOrangeHRMLogo" time="10.941"/>
  <testcase classname="orangehrmproject.test.DBVerificationTest" name="verifyEmpNameFromDb" time="39.009"/>
  <testcase classname="orangehrmproject.test.HomePageTest" name="verifyOrangeHRMLogo" time="14.699"/>
  <testcase classname="orangehrmproject.test.ApiTest" name="verifyGetUsersApi" time="13.157"/>
  <testcase classname="orangehrmproject.test.LoginPageTest" name="verifyValidLoginTest" time="29.206"/>
  <testcase classname="orangehrmproject.test.LoginPageTest" name="verifyValidLoginTest" time="14.14"/>
  <testcase classname="com.orangehrm.base.BaseClass" name="@BeforeSuite loadconfig" time="0.0">
    <ignored/>
  </testcase> <!-- @BeforeSuite loadconfig -->
  <testcase classname="com.orangehrm.base.BaseClass" name="@BeforeSuite loadconfig" time="0.0">
    <ignored/>
  </testcase> <!-- @BeforeSuite loadconfig -->
  <testcase classname="com.orangehrm.base.BaseClass" name="@BeforeSuite loadconfig" time="0.0">
    <ignored/>
  </testcase> <!-- @BeforeSuite loadconfig -->
  <testcase classname="com.orangehrm.base.BaseClass" name="@BeforeSuite loadconfig" time="0.0">
    <ignored/>
  </testcase> <!-- @BeforeSuite loadconfig -->
</testsuite> <!-- OrangeHRMTest_edge -->
