<?xml version="1.0" encoding="UTF-8"?>
<!-- Generated by org.testng.reporters.JUnitXMLReporter -->
<testsuite ignored="2" hostname="LAPTOP-8IINSRMD" failures="0" tests="6" name="OrangeHRMTest_firefox" time="0.9" errors="0" timestamp="2026-04-04T15:12:47 IST">
  <testcase classname="orangehrmproject.test.LoginPageTest" name="invalidLoginTest" time="0.0">
    <skipped/>
  </testcase> <!-- invalidLoginTest -->
  <testcase classname="orangehrmproject.test.DBVerificationTest" name="verifyEmpNameFromDb" time="0.0">
    <skipped/>
  </testcase> <!-- verifyEmpNameFromDb -->
  <testcase classname="orangehrmproject.test.HomePageTest" name="verifyOrangeHRMLogo" time="0.0">
    <skipped/>
  </testcase> <!-- verifyOrangeHRMLogo -->
  <testcase classname="orangehrmproject.test.HomePageTest" name="verifyOrangeHRMLogo" time="0.0">
    <skipped/>
  </testcase> <!-- verifyOrangeHRMLogo -->
  <testcase classname="orangehrmproject.test.LoginPageTest" name="verifyValidLoginTest" time="0.0">
    <skipped/>
  </testcase> <!-- verifyValidLoginTest -->
  <testcase classname="orangehrmproject.test.LoginPageTest" name="verifyValidLoginTest" time="0.001">
    <skipped/>
  </testcase> <!-- verifyValidLoginTest -->
  <testcase classname="com.orangehrm.base.BaseClass" name="@BeforeSuite loadconfig" time="0.0">
    <ignored/>
  </testcase> <!-- @BeforeSuite loadconfig -->
  <testcase classname="com.orangehrm.base.BaseClass" name="@BeforeSuite loadconfig" time="0.0">
    <ignored/>
  </testcase> <!-- @BeforeSuite loadconfig -->
</testsuite> <!-- OrangeHRMTest_firefox -->
