<?xml version="1.0" encoding="UTF-8"?>
<testsuite xmlns:xsi="http://www.w3.org/2001/XMLSchema-instance" xsi:noNamespaceSchemaLocation="https://maven.apache.org/surefire/maven-surefire-plugin/xsd/surefire-test-report.xsd" version="3.0.1" name="TestSuite" time="84.842" tests="9" errors="0" skipped="0" failures="0">
  <properties>
[...]
</properties>
  <testcase name="verifyGetUsersApi" classname="orangehrmproject.test.ApiTest" time="3.393">
    <system-out><![CDATA[2026-04-02 21:04:12 [main] INFO  BaseClass - config.prop is loaded
Setting up webdriver for: DummyClass
Setting up webdriver for: DummyClass2
Setting up webdriver for: HomePageTest
Setting up webdriver for: DBVerificationTest
Setting up webdriver for: LoginPageTest
]]></system-out>
    <system-err><![CDATA[SLF4J(W): No SLF4J providers were found.
SLF4J(W): Defaulting to no-operation (NOP) logger implementation
SLF4J(W): See https://www.slf4j.org/codes.html#noProviders for further details.
2026-04-02T15:34:11.845235200Z main WARN No Root logger was configured, creating default ERROR-level Root logger with Console appender
]]></system-err>
  </testcase>
  <testcase name="dummyTest" classname="orangehrmproject.test.DummyClass2" time="0.091">
    <system-out><![CDATA[2026-04-02 21:04:21 [TestNG-test-OrangeHRMTest-1] INFO  BaseClass - Edge driver instance is created
2026-04-02 21:04:21 [TestNG-test-OrangeHRMTest-2] INFO  BaseClass - Edge driver instance is created
2026-04-02 21:04:21 [TestNG-test-OrangeHRMTest-4] INFO  BaseClass - Edge driver instance is created
2026-04-02 21:04:21 [TestNG-test-OrangeHRMTest-5] INFO  BaseClass - Edge driver instance is created
2026-04-02 21:04:21 [TestNG-test-OrangeHRMTest-3] INFO  BaseClass - Edge driver instance is created
2026-04-02 21:04:24 [TestNG-test-OrangeHRMTest-2] INFO  ActionDriver - Wd instances created
2026-04-02 21:04:24 [TestNG-test-OrangeHRMTest-2] INFO  BaseClass - ActionDriver initlialized for thread: 45
Test Passed-Title  matching
2026-04-02 21:04:24 [TestNG-test-OrangeHRMTest-5] INFO  ActionDriver - Wd instances created
2026-04-02 21:04:24 [TestNG-test-OrangeHRMTest-5] INFO  BaseClass - ActionDriver initlialized for thread: 48
2026-04-02 21:04:24 [TestNG-test-OrangeHRMTest-1] INFO  ActionDriver - Wd instances created
2026-04-02 21:04:24 [TestNG-test-OrangeHRMTest-1] INFO  BaseClass - ActionDriver initlialized for thread: 44
2026-04-02 21:04:24 [TestNG-test-OrangeHRMTest-4] INFO  ActionDriver - Wd instances created
2026-04-02 21:04:24 [TestNG-test-OrangeHRMTest-4] INFO  BaseClass - ActionDriver initlialized for thread: 47
2026-04-02 21:04:25 [TestNG-test-OrangeHRMTest-3] INFO  ActionDriver - Wd instances created
2026-04-02 21:04:25 [TestNG-test-OrangeHRMTest-3] INFO  BaseClass - ActionDriver initlialized for thread: 46
]]></system-out>
    <system-err><![CDATA[Apr 02, 2026 9:04:21 PM org.openqa.selenium.devtools.CdpVersionFinder findNearestMatch
WARNING: Unable to find an exact match for CDP version 146, returning the closest version; found: 142; Please update to a Selenium version that supports CDP version 146
Apr 02, 2026 9:04:21 PM org.openqa.selenium.devtools.CdpVersionFinder findNearestMatch
WARNING: Unable to find an exact match for CDP version 146, returning the closest version; found: 142; Please update to a Selenium version that supports CDP version 146
Apr 02, 2026 9:04:21 PM org.openqa.selenium.devtools.CdpVersionFinder findNearestMatch
WARNING: Unable to find an exact match for CDP version 146, returning the closest version; found: 142; Please update to a Selenium version that supports CDP version 146
Apr 02, 2026 9:04:21 PM org.openqa.selenium.devtools.CdpVersionFinder findNearestMatch
WARNING: Unable to find an exact match for CDP version 146, returning the closest version; found: 142; Please update to a Selenium version that supports CDP version 146
Apr 02, 2026 9:04:21 PM org.openqa.selenium.devtools.CdpVersionFinder findNearestMatch
WARNING: Unable to find an exact match for CDP version 146, returning the closest version; found: 142; Please update to a Selenium version that supports CDP version 146
]]></system-err>
  </testcase>
  <testcase name="dummyTest" classname="orangehrmproject.test.DummyClass" time="0.589">
    <system-out><![CDATA[Running testMethod2 on thread: 46
Test Passed-Title  matching
]]></system-out>
  </testcase>
  <testcase name="invalidLoginTest[Admin, admin1234](1)" classname="orangehrmproject.test.LoginPageTest" time="12.59">
    <system-out><![CDATA[2026-04-02 21:04:26 [TestNG-test-OrangeHRMTest-4] INFO  ActionDriver - Applied border to the color green to element Element with name: username
2026-04-02 21:04:26 [TestNG-test-OrangeHRMTest-5] INFO  ActionDriver - Applied border to the color green to element Element with name: username
2026-04-02 21:04:26 [TestNG-test-OrangeHRMTest-3] INFO  ActionDriver - Applied border to the color green to element Element with name: username
2026-04-02 21:04:28 [TestNG-test-OrangeHRMTest-4] INFO  ActionDriver - Entered text Element with name: username----> Mahesh
2026-04-02 21:04:28 [TestNG-test-OrangeHRMTest-5] INFO  ActionDriver - Entered text Element with name: username----> mahesh
2026-04-02 21:04:28 [TestNG-test-OrangeHRMTest-3] INFO  ActionDriver - Entered text Element with name: username----> Admin
2026-04-02 21:04:29 [TestNG-test-OrangeHRMTest-4] INFO  ActionDriver - Applied border to the color green to element Element with name: password
2026-04-02 21:04:29 [TestNG-test-OrangeHRMTest-3] INFO  ActionDriver - Applied border to the color green to element Element with name: password
2026-04-02 21:04:29 [TestNG-test-OrangeHRMTest-5] INFO  ActionDriver - Applied border to the color green to element Element with name: password
2026-04-02 21:04:30 [TestNG-test-OrangeHRMTest-5] INFO  ActionDriver - Entered text Element with name: password----> Mahesh@123
2026-04-02 21:04:30 [TestNG-test-OrangeHRMTest-3] INFO  ActionDriver - Entered text Element with name: password----> admin1234
2026-04-02 21:04:30 [TestNG-test-OrangeHRMTest-4] INFO  ActionDriver - Entered text Element with name: password----> Mahesh@123
2026-04-02 21:04:31 [TestNG-test-OrangeHRMTest-5] INFO  ActionDriver - Applied border to the color green to element Element with text: Login
2026-04-02 21:04:31 [TestNG-test-OrangeHRMTest-4] INFO  ActionDriver - Applied border to the color green to element Element with text: Login
2026-04-02 21:04:31 [TestNG-test-OrangeHRMTest-3] INFO  ActionDriver - Applied border to the color green to element Element with text: Login
2026-04-02 21:04:35 [TestNG-test-OrangeHRMTest-3] INFO  ActionDriver - Element clicked---> Element with text: Login
2026-04-02 21:04:37 [TestNG-test-OrangeHRMTest-3] INFO  ActionDriver - Applied border to the color green to element Element with text: Invalid credentials
2026-04-02 21:04:37 [TestNG-test-OrangeHRMTest-3] INFO  ActionDriver - Texts are matching Invalid credentials equals Invalid credentials
2026-04-02 21:04:37 [TestNG-test-OrangeHRMTest-4] INFO  ActionDriver - Element clicked---> Element with text: Login
2026-04-02 21:04:37 [TestNG-test-OrangeHRMTest-5] INFO  ActionDriver - Element clicked---> Element with text: Login
]]></system-out>
  </testcase>
  <testcase name="verifyValidLoginTest[Mahesh, Mahesh@123](1)" classname="orangehrmproject.test.LoginPageTest" time="13.228">
    <system-out><![CDATA[2026-04-02 21:05:14 [TestNG-test-OrangeHRMTest-3] INFO  ActionDriver - Element clicked---> Element with text: Logout
2026-04-02 21:05:15 [TestNG-test-OrangeHRMTest-4] INFO  BaseClass - Webdriver instance is closed
]]></system-out>
  </testcase>
  <testcase name="verifyValidLoginTest[Mahesh, Mahesh@123](2)" classname="orangehrmproject.test.LoginPageTest" time="10.427">
    <system-out><![CDATA[2026-04-02 21:05:19 [TestNG-test-OrangeHRMTest-3] INFO  BaseClass - Webdriver instance is closed
Setting up webdriver for: LoginPageTest
2026-04-02 21:05:21 [TestNG-test-OrangeHRMTest-3] INFO  BaseClass - Edge driver instance is created
2026-04-02 21:05:23 [TestNG-test-OrangeHRMTest-3] INFO  ActionDriver - Wd instances created
2026-04-02 21:05:23 [TestNG-test-OrangeHRMTest-3] INFO  BaseClass - ActionDriver initlialized for thread: 46
Running testMethod1 on thread: 46
2026-04-02 21:05:24 [TestNG-test-OrangeHRMTest-3] INFO  ActionDriver - Applied border to the color green to element Element with name: username
2026-04-02 21:05:24 [TestNG-test-OrangeHRMTest-3] INFO  ActionDriver - Entered text Element with name: username----> Mahesh
2026-04-02 21:05:24 [TestNG-test-OrangeHRMTest-3] INFO  ActionDriver - Applied border to the color green to element Element with name: password
2026-04-02 21:05:24 [TestNG-test-OrangeHRMTest-3] INFO  ActionDriver - Entered text Element with name: password----> Mahesh@123
2026-04-02 21:05:25 [TestNG-test-OrangeHRMTest-3] INFO  ActionDriver - Applied border to the color green to element Element with text: Login
2026-04-02 21:05:27 [TestNG-test-OrangeHRMTest-3] INFO  ActionDriver - Element clicked---> Element with text: Login
2026-04-02 21:05:27 [TestNG-test-OrangeHRMTest-3] INFO  ActionDriver - Applied border to the color green to element Element with text: Admin
2026-04-02 21:05:27 [TestNG-test-OrangeHRMTest-3] INFO  ActionDriver - Element Displayed Element with text: Admin
2026-04-02 21:05:28 [TestNG-test-OrangeHRMTest-3] INFO  ActionDriver - Applied border to the color green to element Element with text: Mahesh U
2026-04-02 21:05:28 [TestNG-test-OrangeHRMTest-3] INFO  ActionDriver - Element clicked---> Element with text: Mahesh U
2026-04-02 21:05:28 [TestNG-test-OrangeHRMTest-3] INFO  ActionDriver - Applied border to the color green to element Element with text: Logout
2026-04-02 21:05:30 [TestNG-test-OrangeHRMTest-3] INFO  ActionDriver - Element clicked---> Element with text: Logout
]]></system-out>
    <system-err><![CDATA[Apr 02, 2026 9:05:21 PM org.openqa.selenium.devtools.CdpVersionFinder findNearestMatch
WARNING: Unable to find an exact match for CDP version 146, returning the closest version; found: 142; Please update to a Selenium version that supports CDP version 146
]]></system-err>
  </testcase>
  <testcase name="verifyOrangeHRMLogo[Mahesh, Mahesh@123](1)" classname="orangehrmproject.test.HomePageTest" time="19.414">
    <system-out><![CDATA[2026-04-02 21:04:39 [TestNG-test-OrangeHRMTest-4] INFO  ActionDriver - Applied border to the color green to element Locator: By.xpath: //div[@class='oxd-brand-banner']/img
2026-04-02 21:04:40 [TestNG-test-OrangeHRMTest-5] INFO  ActionDriver - Applied border to the color green to element Element with text: PIM
2026-04-02 21:04:40 [TestNG-test-OrangeHRMTest-4] INFO  ActionDriver - Element Displayed Locator: By.xpath: //div[@class='oxd-brand-banner']/img
]]></system-out>
  </testcase>
  <testcase name="verifyOrangeHRMLogo[Mahesh, Mahesh@123](2)" classname="orangehrmproject.test.HomePageTest" time="8.165">
    <system-out><![CDATA[2026-04-02 21:05:03 [TestNG-test-OrangeHRMTest-3] INFO  ActionDriver - Entered text Element with name: username----> Mahesh
2026-04-02 21:05:03 [TestNG-test-OrangeHRMTest-3] INFO  ActionDriver - Applied border to the color green to element Element with name: password
2026-04-02 21:05:04 [TestNG-test-OrangeHRMTest-5] INFO  BaseClass - Webdriver instance is closed
2026-04-02 21:05:04 [TestNG-test-OrangeHRMTest-3] INFO  ActionDriver - Entered text Element with name: password----> Mahesh@123
2026-04-02 21:05:04 [TestNG-test-OrangeHRMTest-3] INFO  ActionDriver - Applied border to the color green to element Element with text: Login
2026-04-02 21:05:05 [TestNG-test-OrangeHRMTest-4] INFO  ActionDriver - Wd instances created
2026-04-02 21:05:05 [TestNG-test-OrangeHRMTest-4] INFO  BaseClass - ActionDriver initlialized for thread: 47
2026-04-02 21:05:05 [TestNG-test-OrangeHRMTest-4] INFO  ActionDriver - Applied border to the color green to element Element with name: username
2026-04-02 21:05:06 [TestNG-test-OrangeHRMTest-4] INFO  ActionDriver - Entered text Element with name: username----> Mahesh
2026-04-02 21:05:06 [TestNG-test-OrangeHRMTest-4] INFO  ActionDriver - Applied border to the color green to element Element with name: password
2026-04-02 21:05:06 [TestNG-test-OrangeHRMTest-4] INFO  ActionDriver - Entered text Element with name: password----> Mahesh@123
2026-04-02 21:05:06 [TestNG-test-OrangeHRMTest-4] INFO  ActionDriver - Applied border to the color green to element Element with text: Login
2026-04-02 21:05:07 [TestNG-test-OrangeHRMTest-3] INFO  ActionDriver - Element clicked---> Element with text: Login
2026-04-02 21:05:08 [TestNG-test-OrangeHRMTest-3] INFO  ActionDriver - Applied border to the color green to element Element with text: Admin
2026-04-02 21:05:08 [TestNG-test-OrangeHRMTest-3] INFO  ActionDriver - Element Displayed Element with text: Admin
2026-04-02 21:05:09 [TestNG-test-OrangeHRMTest-4] INFO  ActionDriver - Element clicked---> Element with text: Login
2026-04-02 21:05:10 [TestNG-test-OrangeHRMTest-3] INFO  ActionDriver - Applied border to the color green to element Element with text: Mahesh U
2026-04-02 21:05:11 [TestNG-test-OrangeHRMTest-3] INFO  ActionDriver - Element clicked---> Element with text: Mahesh U
2026-04-02 21:05:11 [TestNG-test-OrangeHRMTest-4] INFO  ActionDriver - Applied border to the color green to element Locator: By.xpath: //div[@class='oxd-brand-banner']/img
2026-04-02 21:05:12 [TestNG-test-OrangeHRMTest-4] INFO  ActionDriver - Element Displayed Locator: By.xpath: //div[@class='oxd-brand-banner']/img
2026-04-02 21:05:12 [TestNG-test-OrangeHRMTest-3] INFO  ActionDriver - Applied border to the color green to element Element with text: Logout
]]></system-out>
  </testcase>
  <testcase name="verifyEmpNameFromDb[1, Mahesh](1)" classname="orangehrmproject.test.DBVerificationTest" time="2.043">
    <system-out><![CDATA[2026-04-02 21:04:50 [TestNG-test-OrangeHRMTest-2] INFO  BaseClass - Webdriver instance is closed
2026-04-02 21:04:51 [TestNG-test-OrangeHRMTest-5] INFO  ActionDriver - Element clicked---> Element with text: PIM
2026-04-02 21:04:52 [TestNG-test-OrangeHRMTest-5] INFO  ActionDriver - Applied border to the color green to element Element with placeHolder: Type for hints...
2026-04-02 21:04:53 [TestNG-test-OrangeHRMTest-5] INFO  ActionDriver - Entered text Element with placeHolder: Type for hints...----> Mahesh
2026-04-02 21:04:53 [TestNG-test-OrangeHRMTest-1] INFO  BaseClass - Webdriver instance is closed
2026-04-02 21:04:53 [TestNG-test-OrangeHRMTest-3] INFO  BaseClass - Webdriver instance is closed
Setting up webdriver for: LoginPageTest
2026-04-02 21:04:53 [TestNG-test-OrangeHRMTest-5] INFO  ActionDriver - Applied border to the color green to element Element with text: Search
2026-04-02 21:04:55 [TestNG-test-OrangeHRMTest-5] INFO  ActionDriver - Element clicked---> Element with text: Search
2026-04-02 21:04:56 [TestNG-test-OrangeHRMTest-5] INFO  ActionDriver - Applied border to the color green to element Element with text: Mahesh
2026-04-02 21:04:57 [TestNG-test-OrangeHRMTest-5] INFO  DBConnection - starting DB connection
2026-04-02 21:04:57 [TestNG-test-OrangeHRMTest-4] INFO  BaseClass - Webdriver instance is closed
Setting up webdriver for: HomePageTest
2026-04-02 21:04:57 [TestNG-test-OrangeHRMTest-3] INFO  BaseClass - Edge driver instance is created
2026-04-02 21:04:58 [TestNG-test-OrangeHRMTest-5] INFO  DBConnection - Connection successfull
2026-04-02 21:04:58 [TestNG-test-OrangeHRMTest-5] INFO  DBConnection - Executing query select emp_firstname, emp_middle_name,emp_lastname from hs_hr_employee where emp_number=1
2026-04-02 21:04:58 [TestNG-test-OrangeHRMTest-5] INFO  DBConnection - Query executed successfully
2026-04-02 21:04:58 [TestNG-test-OrangeHRMTest-5] INFO  DBConnection - Emp data fetched successfully {last_name=U, middle_name=, first_name=Mahesh}
2026-04-02 21:04:59 [TestNG-test-OrangeHRMTest-5] INFO  ActionDriver - Applied border to the color green to element Element with text: Mahesh
2026-04-02 21:04:59 [TestNG-test-OrangeHRMTest-5] INFO  ActionDriver - Texts are matching Mahesh equals Mahesh
2026-04-02 21:05:00 [TestNG-test-OrangeHRMTest-3] INFO  ActionDriver - Wd instances created
2026-04-02 21:05:00 [TestNG-test-OrangeHRMTest-3] INFO  BaseClass - ActionDriver initlialized for thread: 46
Running testMethod1 on thread: 46
2026-04-02 21:05:01 [TestNG-test-OrangeHRMTest-5] INFO  ActionDriver - Applied border to the color green to element Element with text: U
2026-04-02 21:05:01 [TestNG-test-OrangeHRMTest-5] INFO  ActionDriver - Texts are matching U equals U
2026-04-02 21:05:02 [TestNG-test-OrangeHRMTest-4] INFO  BaseClass - Edge driver instance is created
2026-04-02 21:05:02 [TestNG-test-OrangeHRMTest-3] INFO  ActionDriver - Applied border to the color green to element Element with name: username
]]></system-out>
    <system-err><![CDATA[Apr 02, 2026 9:04:57 PM org.openqa.selenium.devtools.CdpVersionFinder findNearestMatch
WARNING: Unable to find an exact match for CDP version 146, returning the closest version; found: 142; Please update to a Selenium version that supports CDP version 146
Apr 02, 2026 9:04:58 PM io.opentelemetry.api.GlobalOpenTelemetry maybeAutoConfigureAndSetGlobal
INFO: AutoConfiguredOpenTelemetrySdk found on classpath but automatic configuration is disabled. To enable, run your JVM with -Dotel.java.global-autoconfigure.enabled=true
Apr 02, 2026 9:05:02 PM org.openqa.selenium.devtools.CdpVersionFinder findNearestMatch
WARNING: Unable to find an exact match for CDP version 146, returning the closest version; found: 142; Please update to a Selenium version that supports CDP version 146
]]></system-err>
  </testcase>
</testsuite>