<?xml version="1.0" encoding="UTF-8"?>
<testng-results ignored="0" total="9" passed="9" failed="0" skipped="0">
  <reporter-output>
  </reporter-output>
  <suite started-at="2026-04-03T17:28:32 IST" name="OrangeHRMSuite" finished-at="2026-04-03T17:29:51 IST" duration-ms="78935">
    <groups>
    </groups>
    <test started-at="2026-04-03T17:28:32 IST" name="OrangeHRMTest" finished-at="2026-04-03T17:29:51 IST" duration-ms="78935">
      <class name="orangehrmproject.test.DBVerificationTest">
        <test-method is-config="true" signature="setup(java.lang.reflect.Method,org.testng.ITestContext)[pri:0, instance:orangehrmproject.test.DBVerificationTest@1046d517]" started-at="2026-04-03T17:28:35 IST" name="setup" finished-at="2026-04-03T17:28:54 IST" duration-ms="19122" status="PASS">
          <params>
            <param index="0">
              <value>
                <![CDATA[public void orangehrmproject.test.DBVerificationTest.verifyEmpNameFromDb(java.lang.String,java.lang.String)]]>
              </value>
            </param>
            <param index="1">
              <value>
                <![CDATA[org.testng.TestRunner@3c5a54b7]]>
              </value>
            </param>
          </params>
          <reporter-output>
          </reporter-output>
        </test-method> <!-- setup -->
        <test-method is-config="true" signature="setUpPages()[pri:0, instance:orangehrmproject.test.DBVerificationTest@1046d517]" started-at="2026-04-03T17:28:54 IST" name="setUpPages" finished-at="2026-04-03T17:28:54 IST" duration-ms="1" status="PASS">
          <reporter-output>
          </reporter-output>
        </test-method> <!-- setUpPages -->
        <test-method signature="verifyEmpNameFromDb(java.lang.String,java.lang.String)[pri:0, instance:orangehrmproject.test.DBVerificationTest@1046d517]" started-at="2026-04-03T17:28:54 IST" name="verifyEmpNameFromDb" data-provider="empVerification" finished-at="2026-04-03T17:29:16 IST" duration-ms="21785" status="PASS">
          <params>
            <param index="0">
              <value>
                <![CDATA[1]]>
              </value>
            </param>
            <param index="1">
              <value>
                <![CDATA[Mahesh]]>
              </value>
            </param>
          </params>
          <reporter-output>
          </reporter-output>
        </test-method> <!-- verifyEmpNameFromDb -->
        <test-method is-config="true" signature="tearDown()[pri:0, instance:orangehrmproject.test.DBVerificationTest@1046d517]" started-at="2026-04-03T17:29:16 IST" name="tearDown" finished-at="2026-04-03T17:29:18 IST" duration-ms="1600" status="PASS">
          <reporter-output>
          </reporter-output>
        </test-method> <!-- tearDown -->
      </class> <!-- orangehrmproject.test.DBVerificationTest -->
      <class name="orangehrmproject.test.ApiTest">
        <test-method signature="verifyGetUsersApi()[pri:0, instance:orangehrmproject.test.ApiTest@3b7d3a38]" started-at="2026-04-03T17:28:33 IST" name="verifyGetUsersApi" finished-at="2026-04-03T17:28:37 IST" duration-ms="4447" status="PASS">
          <reporter-output>
          </reporter-output>
        </test-method> <!-- verifyGetUsersApi -->
      </class> <!-- orangehrmproject.test.ApiTest -->
      <class name="orangehrmproject.test.DummyClass2">
        <test-method is-config="true" signature="setup(java.lang.reflect.Method,org.testng.ITestContext)[pri:0, instance:orangehrmproject.test.DummyClass2@15713d56]" started-at="2026-04-03T17:28:33 IST" name="setup" finished-at="2026-04-03T17:28:54 IST" duration-ms="20809" status="PASS">
          <params>
            <param index="0">
              <value>
                <![CDATA[public void orangehrmproject.test.DummyClass2.dummyTest()]]>
              </value>
            </param>
            <param index="1">
              <value>
                <![CDATA[org.testng.TestRunner@3c5a54b7]]>
              </value>
            </param>
          </params>
          <reporter-output>
          </reporter-output>
        </test-method> <!-- setup -->
        <test-method signature="dummyTest()[pri:0, instance:orangehrmproject.test.DummyClass2@15713d56]" started-at="2026-04-03T17:28:54 IST" name="dummyTest" finished-at="2026-04-03T17:28:54 IST" duration-ms="109" status="PASS">
          <reporter-output>
          </reporter-output>
        </test-method> <!-- dummyTest -->
        <test-method is-config="true" signature="tearDown()[pri:0, instance:orangehrmproject.test.DummyClass2@15713d56]" started-at="2026-04-03T17:28:54 IST" name="tearDown" finished-at="2026-04-03T17:29:08 IST" duration-ms="13914" status="PASS">
          <reporter-output>
          </reporter-output>
        </test-method> <!-- tearDown -->
      </class> <!-- orangehrmproject.test.DummyClass2 -->
      <class name="orangehrmproject.test.DummyClass">
        <test-method is-config="true" signature="loadconfig()[pri:0, instance:orangehrmproject.test.DummyClass@2c78d320]" started-at="2026-04-03T17:28:32 IST" name="loadconfig" finished-at="2026-04-03T17:28:32 IST" duration-ms="44" status="PASS">
          <reporter-output>
          </reporter-output>
        </test-method> <!-- loadconfig -->
        <test-method is-config="true" signature="setup(java.lang.reflect.Method,org.testng.ITestContext)[pri:0, instance:orangehrmproject.test.DummyClass@2c78d320]" started-at="2026-04-03T17:28:33 IST" name="setup" finished-at="2026-04-03T17:28:54 IST" duration-ms="21433" status="PASS">
          <params>
            <param index="0">
              <value>
                <![CDATA[public void orangehrmproject.test.DummyClass.dummyTest()]]>
              </value>
            </param>
            <param index="1">
              <value>
                <![CDATA[org.testng.TestRunner@3c5a54b7]]>
              </value>
            </param>
          </params>
          <reporter-output>
          </reporter-output>
        </test-method> <!-- setup -->
        <test-method signature="dummyTest()[pri:0, instance:orangehrmproject.test.DummyClass@2c78d320]" started-at="2026-04-03T17:28:54 IST" name="dummyTest" finished-at="2026-04-03T17:28:54 IST" duration-ms="46" status="PASS">
          <reporter-output>
          </reporter-output>
        </test-method> <!-- dummyTest -->
        <test-method is-config="true" signature="tearDown()[pri:0, instance:orangehrmproject.test.DummyClass@2c78d320]" started-at="2026-04-03T17:28:55 IST" name="tearDown" finished-at="2026-04-03T17:29:14 IST" duration-ms="19101" status="PASS">
          <reporter-output>
          </reporter-output>
        </test-method> <!-- tearDown -->
      </class> <!-- orangehrmproject.test.DummyClass -->
      <class name="orangehrmproject.test.LoginPageTest">
        <test-method is-config="true" signature="setup(java.lang.reflect.Method,org.testng.ITestContext)[pri:0, instance:orangehrmproject.test.LoginPageTest@63f259c3]" started-at="2026-04-03T17:28:35 IST" name="setup" finished-at="2026-04-03T17:28:54 IST" duration-ms="19529" status="PASS">
          <params>
            <param index="0">
              <value>
                <![CDATA[public void orangehrmproject.test.LoginPageTest.invalidLoginTest(java.lang.String,java.lang.String)]]>
              </value>
            </param>
            <param index="1">
              <value>
                <![CDATA[org.testng.TestRunner@3c5a54b7]]>
              </value>
            </param>
          </params>
          <reporter-output>
          </reporter-output>
        </test-method> <!-- setup -->
        <test-method is-config="true" signature="setUpPages()[pri:0, instance:orangehrmproject.test.LoginPageTest@63f259c3]" started-at="2026-04-03T17:28:54 IST" name="setUpPages" finished-at="2026-04-03T17:28:54 IST" duration-ms="1" status="PASS">
          <reporter-output>
          </reporter-output>
        </test-method> <!-- setUpPages -->
        <test-method signature="invalidLoginTest(java.lang.String,java.lang.String)[pri:0, instance:orangehrmproject.test.LoginPageTest@63f259c3]" started-at="2026-04-03T17:28:54 IST" name="invalidLoginTest" data-provider="InvalidLoginData" finished-at="2026-04-03T17:29:06 IST" duration-ms="11758" status="PASS">
          <params>
            <param index="0">
              <value>
                <![CDATA[Admin]]>
              </value>
            </param>
            <param index="1">
              <value>
                <![CDATA[admin1234]]>
              </value>
            </param>
          </params>
          <reporter-output>
          </reporter-output>
        </test-method> <!-- invalidLoginTest -->
        <test-method is-config="true" signature="tearDown()[pri:0, instance:orangehrmproject.test.LoginPageTest@63f259c3]" started-at="2026-04-03T17:29:06 IST" name="tearDown" finished-at="2026-04-03T17:29:18 IST" duration-ms="11736" status="PASS">
          <reporter-output>
          </reporter-output>
        </test-method> <!-- tearDown -->
        <test-method is-config="true" signature="setup(java.lang.reflect.Method,org.testng.ITestContext)[pri:0, instance:orangehrmproject.test.LoginPageTest@63f259c3]" started-at="2026-04-03T17:29:18 IST" name="setup" finished-at="2026-04-03T17:29:25 IST" duration-ms="6523" status="PASS">
          <params>
            <param index="0">
              <value>
                <![CDATA[public void orangehrmproject.test.LoginPageTest.verifyValidLoginTest(java.lang.String,java.lang.String)]]>
              </value>
            </param>
            <param index="1">
              <value>
                <![CDATA[org.testng.TestRunner@3c5a54b7]]>
              </value>
            </param>
          </params>
          <reporter-output>
          </reporter-output>
        </test-method> <!-- setup -->
        <test-method is-config="true" signature="setUpPages()[pri:0, instance:orangehrmproject.test.LoginPageTest@63f259c3]" started-at="2026-04-03T17:29:25 IST" name="setUpPages" finished-at="2026-04-03T17:29:25 IST" duration-ms="1" status="PASS">
          <reporter-output>
          </reporter-output>
        </test-method> <!-- setUpPages -->
        <test-method signature="verifyValidLoginTest(java.lang.String,java.lang.String)[pri:0, instance:orangehrmproject.test.LoginPageTest@63f259c3]" started-at="2026-04-03T17:29:25 IST" name="verifyValidLoginTest" data-provider="ValidLoginData" finished-at="2026-04-03T17:29:36 IST" duration-ms="11145" status="PASS">
          <params>
            <param index="0">
              <value>
                <![CDATA[Mahesh]]>
              </value>
            </param>
            <param index="1">
              <value>
                <![CDATA[Mahesh@123]]>
              </value>
            </param>
          </params>
          <reporter-output>
          </reporter-output>
        </test-method> <!-- verifyValidLoginTest -->
        <test-method is-config="true" signature="tearDown()[pri:0, instance:orangehrmproject.test.LoginPageTest@63f259c3]" started-at="2026-04-03T17:29:36 IST" name="tearDown" finished-at="2026-04-03T17:29:36 IST" duration-ms="241" status="PASS">
          <reporter-output>
          </reporter-output>
        </test-method> <!-- tearDown -->
        <test-method is-config="true" signature="setup(java.lang.reflect.Method,org.testng.ITestContext)[pri:0, instance:orangehrmproject.test.LoginPageTest@63f259c3]" started-at="2026-04-03T17:29:36 IST" name="setup" finished-at="2026-04-03T17:29:40 IST" duration-ms="4250" status="PASS">
          <params>
            <param index="0">
              <value>
                <![CDATA[public void orangehrmproject.test.LoginPageTest.verifyValidLoginTest(java.lang.String,java.lang.String)]]>
              </value>
            </param>
            <param index="1">
              <value>
                <![CDATA[org.testng.TestRunner@3c5a54b7]]>
              </value>
            </param>
          </params>
          <reporter-output>
          </reporter-output>
        </test-method> <!-- setup -->
        <test-method is-config="true" signature="setUpPages()[pri:0, instance:orangehrmproject.test.LoginPageTest@63f259c3]" started-at="2026-04-03T17:29:40 IST" name="setUpPages" finished-at="2026-04-03T17:29:40 IST" duration-ms="1" status="PASS">
          <reporter-output>
          </reporter-output>
        </test-method> <!-- setUpPages -->
        <test-method signature="verifyValidLoginTest(java.lang.String,java.lang.String)[pri:0, instance:orangehrmproject.test.LoginPageTest@63f259c3]" started-at="2026-04-03T17:29:40 IST" name="verifyValidLoginTest" data-provider="ValidLoginData" finished-at="2026-04-03T17:29:51 IST" duration-ms="10252" status="PASS">
          <params>
            <param index="0">
              <value>
                <![CDATA[Mahesh]]>
              </value>
            </param>
            <param index="1">
              <value>
                <![CDATA[Mahesh@123]]>
              </value>
            </param>
          </params>
          <reporter-output>
          </reporter-output>
        </test-method> <!-- verifyValidLoginTest -->
        <test-method is-config="true" signature="tearDown()[pri:0, instance:orangehrmproject.test.LoginPageTest@63f259c3]" started-at="2026-04-03T17:29:51 IST" name="tearDown" finished-at="2026-04-03T17:29:51 IST" duration-ms="473" status="PASS">
          <reporter-output>
          </reporter-output>
        </test-method> <!-- tearDown -->
      </class> <!-- orangehrmproject.test.LoginPageTest -->
      <class name="orangehrmproject.test.HomePageTest">
        <test-method is-config="true" signature="setup(java.lang.reflect.Method,org.testng.ITestContext)[pri:0, instance:orangehrmproject.test.HomePageTest@ca30bc1]" started-at="2026-04-03T17:28:35 IST" name="setup" finished-at="2026-04-03T17:28:54 IST" duration-ms="18678" status="PASS">
          <params>
            <param index="0">
              <value>
                <![CDATA[public void orangehrmproject.test.HomePageTest.verifyOrangeHRMLogo(java.lang.String,java.lang.String)]]>
              </value>
            </param>
            <param index="1">
              <value>
                <![CDATA[org.testng.TestRunner@3c5a54b7]]>
              </value>
            </param>
          </params>
          <reporter-output>
          </reporter-output>
        </test-method> <!-- setup -->
        <test-method is-config="true" signature="setUp()[pri:0, instance:orangehrmproject.test.HomePageTest@ca30bc1]" started-at="2026-04-03T17:28:54 IST" name="setUp" finished-at="2026-04-03T17:28:54 IST" duration-ms="8" status="PASS">
          <reporter-output>
          </reporter-output>
        </test-method> <!-- setUp -->
        <test-method signature="verifyOrangeHRMLogo(java.lang.String,java.lang.String)[pri:0, instance:orangehrmproject.test.HomePageTest@ca30bc1]" started-at="2026-04-03T17:28:54 IST" name="verifyOrangeHRMLogo" data-provider="ValidLoginData" finished-at="2026-04-03T17:29:08 IST" duration-ms="14965" status="PASS">
          <params>
            <param index="0">
              <value>
                <![CDATA[Mahesh]]>
              </value>
            </param>
            <param index="1">
              <value>
                <![CDATA[Mahesh@123]]>
              </value>
            </param>
          </params>
          <reporter-output>
          </reporter-output>
        </test-method> <!-- verifyOrangeHRMLogo -->
        <test-method is-config="true" signature="tearDown()[pri:0, instance:orangehrmproject.test.HomePageTest@ca30bc1]" started-at="2026-04-03T17:29:09 IST" name="tearDown" finished-at="2026-04-03T17:29:17 IST" duration-ms="8671" status="PASS">
          <reporter-output>
          </reporter-output>
        </test-method> <!-- tearDown -->
        <test-method is-config="true" signature="setup(java.lang.reflect.Method,org.testng.ITestContext)[pri:0, instance:orangehrmproject.test.HomePageTest@ca30bc1]" started-at="2026-04-03T17:29:17 IST" name="setup" finished-at="2026-04-03T17:29:24 IST" duration-ms="6669" status="PASS">
          <params>
            <param index="0">
              <value>
                <![CDATA[public void orangehrmproject.test.HomePageTest.verifyOrangeHRMLogo(java.lang.String,java.lang.String)]]>
              </value>
            </param>
            <param index="1">
              <value>
                <![CDATA[org.testng.TestRunner@3c5a54b7]]>
              </value>
            </param>
          </params>
          <reporter-output>
          </reporter-output>
        </test-method> <!-- setup -->
        <test-method is-config="true" signature="setUp()[pri:0, instance:orangehrmproject.test.HomePageTest@ca30bc1]" started-at="2026-04-03T17:29:24 IST" name="setUp" finished-at="2026-04-03T17:29:24 IST" duration-ms="1" status="PASS">
          <reporter-output>
          </reporter-output>
        </test-method> <!-- setUp -->
        <test-method signature="verifyOrangeHRMLogo(java.lang.String,java.lang.String)[pri:0, instance:orangehrmproject.test.HomePageTest@ca30bc1]" started-at="2026-04-03T17:29:24 IST" name="verifyOrangeHRMLogo" data-provider="ValidLoginData" finished-at="2026-04-03T17:29:28 IST" duration-ms="4253" status="PASS">
          <params>
            <param index="0">
              <value>
                <![CDATA[Mahesh]]>
              </value>
            </param>
            <param index="1">
              <value>
                <![CDATA[Mahesh@123]]>
              </value>
            </param>
          </params>
          <reporter-output>
          </reporter-output>
        </test-method> <!-- verifyOrangeHRMLogo -->
        <test-method is-config="true" signature="tearDown()[pri:0, instance:orangehrmproject.test.HomePageTest@ca30bc1]" started-at="2026-04-03T17:29:29 IST" name="tearDown" finished-at="2026-04-03T17:29:30 IST" duration-ms="995" status="PASS">
          <reporter-output>
          </reporter-output>
        </test-method> <!-- tearDown -->
      </class> <!-- orangehrmproject.test.HomePageTest -->
    </test> <!-- OrangeHRMTest -->
  </suite> <!-- OrangeHRMSuite -->
</testng-results>
