<?xml version="1.0" encoding="UTF-8"?>
<testng-results ignored="0" total="9" passed="9" failed="0" skipped="0">
  <reporter-output>
  </reporter-output>
  <suite started-at="2026-04-02T21:04:12 IST" name="OrangeHRMSuite" finished-at="2026-04-02T21:05:34 IST" duration-ms="82528">
    <groups>
    </groups>
    <test started-at="2026-04-02T21:04:12 IST" name="OrangeHRMTest" finished-at="2026-04-02T21:05:34 IST" duration-ms="82528">
      <class name="orangehrmproject.test.DBVerificationTest">
        <test-method is-config="true" signature="setup(java.lang.reflect.Method,org.testng.ITestContext)[pri:0, instance:orangehrmproject.test.DBVerificationTest@50dfbc58]" started-at="2026-04-02T21:04:13 IST" name="setup" finished-at="2026-04-02T21:04:24 IST" duration-ms="10986" status="PASS">
          <params>
            <param index="0">
              <value>
                <![CDATA[public void orangehrmproject.test.DBVerificationTest.verifyEmpNameFromDb(java.lang.String,java.lang.String)]]>
              </value>
            </param>
            <param index="1">
              <value>
                <![CDATA[org.testng.TestRunner@63a5d002]]>
              </value>
            </param>
          </params>
          <reporter-output>
          </reporter-output>
        </test-method> <!-- setup -->
        <test-method is-config="true" signature="setUpPages()[pri:0, instance:orangehrmproject.test.DBVerificationTest@50dfbc58]" started-at="2026-04-02T21:04:24 IST" name="setUpPages" finished-at="2026-04-02T21:04:24 IST" duration-ms="152" status="PASS">
          <reporter-output>
          </reporter-output>
        </test-method> <!-- setUpPages -->
        <test-method signature="verifyEmpNameFromDb(java.lang.String,java.lang.String)[pri:0, instance:orangehrmproject.test.DBVerificationTest@50dfbc58]" started-at="2026-04-02T21:04:24 IST" name="verifyEmpNameFromDb" data-provider="empVerification" finished-at="2026-04-02T21:05:02 IST" duration-ms="37352" status="PASS">
          <params>
            <param index="0">
              <value>
                <![CDATA[1]]>
              </value>
            </param>
            <param index="1">
              <value>
                <![CDATA[Mahesh]]>
              </value>
            </param>
          </params>
          <reporter-output>
          </reporter-output>
        </test-method> <!-- verifyEmpNameFromDb -->
        <test-method is-config="true" signature="tearDown()[pri:0, instance:orangehrmproject.test.DBVerificationTest@50dfbc58]" started-at="2026-04-02T21:05:02 IST" name="tearDown" finished-at="2026-04-02T21:05:04 IST" duration-ms="1404" status="PASS">
          <reporter-output>
          </reporter-output>
        </test-method> <!-- tearDown -->
      </class> <!-- orangehrmproject.test.DBVerificationTest -->
      <class name="orangehrmproject.test.ApiTest">
        <test-method signature="verifyGetUsersApi()[pri:0, instance:orangehrmproject.test.ApiTest@4416d64f]" started-at="2026-04-02T21:04:12 IST" name="verifyGetUsersApi" finished-at="2026-04-02T21:04:15 IST" duration-ms="3396" status="PASS">
          <reporter-output>
          </reporter-output>
        </test-method> <!-- verifyGetUsersApi -->
      </class> <!-- orangehrmproject.test.ApiTest -->
      <class name="orangehrmproject.test.DummyClass2">
        <test-method is-config="true" signature="setup(java.lang.reflect.Method,org.testng.ITestContext)[pri:0, instance:orangehrmproject.test.DummyClass2@c7045b9]" started-at="2026-04-02T21:04:12 IST" name="setup" finished-at="2026-04-02T21:04:24 IST" duration-ms="12365" status="PASS">
          <params>
            <param index="0">
              <value>
                <![CDATA[public void orangehrmproject.test.DummyClass2.dummyTest()]]>
              </value>
            </param>
            <param index="1">
              <value>
                <![CDATA[org.testng.TestRunner@63a5d002]]>
              </value>
            </param>
          </params>
          <reporter-output>
          </reporter-output>
        </test-method> <!-- setup -->
        <test-method signature="dummyTest()[pri:0, instance:orangehrmproject.test.DummyClass2@c7045b9]" started-at="2026-04-02T21:04:24 IST" name="dummyTest" finished-at="2026-04-02T21:04:24 IST" duration-ms="109" status="PASS">
          <reporter-output>
          </reporter-output>
        </test-method> <!-- dummyTest -->
        <test-method is-config="true" signature="tearDown()[pri:0, instance:orangehrmproject.test.DummyClass2@c7045b9]" started-at="2026-04-02T21:04:25 IST" name="tearDown" finished-at="2026-04-02T21:04:50 IST" duration-ms="25245" status="PASS">
          <reporter-output>
          </reporter-output>
        </test-method> <!-- tearDown -->
      </class> <!-- orangehrmproject.test.DummyClass2 -->
      <class name="orangehrmproject.test.DummyClass">
        <test-method is-config="true" signature="loadconfig()[pri:0, instance:orangehrmproject.test.DummyClass@662706a7]" started-at="2026-04-02T21:04:12 IST" name="loadconfig" finished-at="2026-04-02T21:04:12 IST" duration-ms="23" status="PASS">
          <reporter-output>
          </reporter-output>
        </test-method> <!-- loadconfig -->
        <test-method is-config="true" signature="setup(java.lang.reflect.Method,org.testng.ITestContext)[pri:0, instance:orangehrmproject.test.DummyClass@662706a7]" started-at="2026-04-02T21:04:12 IST" name="setup" finished-at="2026-04-02T21:04:24 IST" duration-ms="12586" status="PASS">
          <params>
            <param index="0">
              <value>
                <![CDATA[public void orangehrmproject.test.DummyClass.dummyTest()]]>
              </value>
            </param>
            <param index="1">
              <value>
                <![CDATA[org.testng.TestRunner@63a5d002]]>
              </value>
            </param>
          </params>
          <reporter-output>
          </reporter-output>
        </test-method> <!-- setup -->
        <test-method signature="dummyTest()[pri:0, instance:orangehrmproject.test.DummyClass@662706a7]" started-at="2026-04-02T21:04:24 IST" name="dummyTest" finished-at="2026-04-02T21:04:25 IST" duration-ms="860" status="PASS">
          <reporter-output>
          </reporter-output>
        </test-method> <!-- dummyTest -->
        <test-method is-config="true" signature="tearDown()[pri:0, instance:orangehrmproject.test.DummyClass@662706a7]" started-at="2026-04-02T21:04:26 IST" name="tearDown" finished-at="2026-04-02T21:04:53 IST" duration-ms="27101" status="PASS">
          <reporter-output>
          </reporter-output>
        </test-method> <!-- tearDown -->
      </class> <!-- orangehrmproject.test.DummyClass -->
      <class name="orangehrmproject.test.LoginPageTest">
        <test-method is-config="true" signature="setup(java.lang.reflect.Method,org.testng.ITestContext)[pri:0, instance:orangehrmproject.test.LoginPageTest@f99f5e0]" started-at="2026-04-02T21:04:13 IST" name="setup" finished-at="2026-04-02T21:04:25 IST" duration-ms="11714" status="PASS">
          <params>
            <param index="0">
              <value>
                <![CDATA[public void orangehrmproject.test.LoginPageTest.invalidLoginTest(java.lang.String,java.lang.String)]]>
              </value>
            </param>
            <param index="1">
              <value>
                <![CDATA[org.testng.TestRunner@63a5d002]]>
              </value>
            </param>
          </params>
          <reporter-output>
          </reporter-output>
        </test-method> <!-- setup -->
        <test-method is-config="true" signature="setUpPages()[pri:0, instance:orangehrmproject.test.LoginPageTest@f99f5e0]" started-at="2026-04-02T21:04:25 IST" name="setUpPages" finished-at="2026-04-02T21:04:25 IST" duration-ms="16" status="PASS">
          <reporter-output>
          </reporter-output>
        </test-method> <!-- setUpPages -->
        <test-method signature="invalidLoginTest(java.lang.String,java.lang.String)[pri:0, instance:orangehrmproject.test.LoginPageTest@f99f5e0]" started-at="2026-04-02T21:04:25 IST" name="invalidLoginTest" data-provider="InvalidLoginData" finished-at="2026-04-02T21:04:37 IST" duration-ms="12280" status="PASS">
          <params>
            <param index="0">
              <value>
                <![CDATA[Admin]]>
              </value>
            </param>
            <param index="1">
              <value>
                <![CDATA[admin1234]]>
              </value>
            </param>
          </params>
          <reporter-output>
          </reporter-output>
        </test-method> <!-- invalidLoginTest -->
        <test-method is-config="true" signature="tearDown()[pri:0, instance:orangehrmproject.test.LoginPageTest@f99f5e0]" started-at="2026-04-02T21:04:38 IST" name="tearDown" finished-at="2026-04-02T21:04:53 IST" duration-ms="15138" status="PASS">
          <reporter-output>
          </reporter-output>
        </test-method> <!-- tearDown -->
        <test-method is-config="true" signature="setup(java.lang.reflect.Method,org.testng.ITestContext)[pri:0, instance:orangehrmproject.test.LoginPageTest@f99f5e0]" started-at="2026-04-02T21:04:53 IST" name="setup" finished-at="2026-04-02T21:05:00 IST" duration-ms="6964" status="PASS">
          <params>
            <param index="0">
              <value>
                <![CDATA[public void orangehrmproject.test.LoginPageTest.verifyValidLoginTest(java.lang.String,java.lang.String)]]>
              </value>
            </param>
            <param index="1">
              <value>
                <![CDATA[org.testng.TestRunner@63a5d002]]>
              </value>
            </param>
          </params>
          <reporter-output>
          </reporter-output>
        </test-method> <!-- setup -->
        <test-method is-config="true" signature="setUpPages()[pri:0, instance:orangehrmproject.test.LoginPageTest@f99f5e0]" started-at="2026-04-02T21:05:00 IST" name="setUpPages" finished-at="2026-04-02T21:05:00 IST" duration-ms="2" status="PASS">
          <reporter-output>
          </reporter-output>
        </test-method> <!-- setUpPages -->
        <test-method signature="verifyValidLoginTest(java.lang.String,java.lang.String)[pri:0, instance:orangehrmproject.test.LoginPageTest@f99f5e0]" started-at="2026-04-02T21:05:00 IST" name="verifyValidLoginTest" data-provider="ValidLoginData" finished-at="2026-04-02T21:05:18 IST" duration-ms="18057" status="PASS">
          <params>
            <param index="0">
              <value>
                <![CDATA[Mahesh]]>
              </value>
            </param>
            <param index="1">
              <value>
                <![CDATA[Mahesh@123]]>
              </value>
            </param>
          </params>
          <reporter-output>
          </reporter-output>
        </test-method> <!-- verifyValidLoginTest -->
        <test-method is-config="true" signature="tearDown()[pri:0, instance:orangehrmproject.test.LoginPageTest@f99f5e0]" started-at="2026-04-02T21:05:18 IST" name="tearDown" finished-at="2026-04-02T21:05:19 IST" duration-ms="293" status="PASS">
          <reporter-output>
          </reporter-output>
        </test-method> <!-- tearDown -->
        <test-method is-config="true" signature="setup(java.lang.reflect.Method,org.testng.ITestContext)[pri:0, instance:orangehrmproject.test.LoginPageTest@f99f5e0]" started-at="2026-04-02T21:05:19 IST" name="setup" finished-at="2026-04-02T21:05:23 IST" duration-ms="4700" status="PASS">
          <params>
            <param index="0">
              <value>
                <![CDATA[public void orangehrmproject.test.LoginPageTest.verifyValidLoginTest(java.lang.String,java.lang.String)]]>
              </value>
            </param>
            <param index="1">
              <value>
                <![CDATA[org.testng.TestRunner@63a5d002]]>
              </value>
            </param>
          </params>
          <reporter-output>
          </reporter-output>
        </test-method> <!-- setup -->
        <test-method is-config="true" signature="setUpPages()[pri:0, instance:orangehrmproject.test.LoginPageTest@f99f5e0]" started-at="2026-04-02T21:05:23 IST" name="setUpPages" finished-at="2026-04-02T21:05:23 IST" duration-ms="1" status="PASS">
          <reporter-output>
          </reporter-output>
        </test-method> <!-- setUpPages -->
        <test-method signature="verifyValidLoginTest(java.lang.String,java.lang.String)[pri:0, instance:orangehrmproject.test.LoginPageTest@f99f5e0]" started-at="2026-04-02T21:05:23 IST" name="verifyValidLoginTest" data-provider="ValidLoginData" finished-at="2026-04-02T21:05:34 IST" duration-ms="10252" status="PASS">
          <params>
            <param index="0">
              <value>
                <![CDATA[Mahesh]]>
              </value>
            </param>
            <param index="1">
              <value>
                <![CDATA[Mahesh@123]]>
              </value>
            </param>
          </params>
          <reporter-output>
          </reporter-output>
        </test-method> <!-- verifyValidLoginTest -->
        <test-method is-config="true" signature="tearDown()[pri:0, instance:orangehrmproject.test.LoginPageTest@f99f5e0]" started-at="2026-04-02T21:05:34 IST" name="tearDown" finished-at="2026-04-02T21:05:34 IST" duration-ms="235" status="PASS">
          <reporter-output>
          </reporter-output>
        </test-method> <!-- tearDown -->
      </class> <!-- orangehrmproject.test.LoginPageTest -->
      <class name="orangehrmproject.test.HomePageTest">
        <test-method is-config="true" signature="setup(java.lang.reflect.Method,org.testng.ITestContext)[pri:0, instance:orangehrmproject.test.HomePageTest@73a8da0f]" started-at="2026-04-02T21:04:13 IST" name="setup" finished-at="2026-04-02T21:04:24 IST" duration-ms="11140" status="PASS">
          <params>
            <param index="0">
              <value>
                <![CDATA[public void orangehrmproject.test.HomePageTest.verifyOrangeHRMLogo(java.lang.String,java.lang.String)]]>
              </value>
            </param>
            <param index="1">
              <value>
                <![CDATA[org.testng.TestRunner@63a5d002]]>
              </value>
            </param>
          </params>
          <reporter-output>
          </reporter-output>
        </test-method> <!-- setup -->
        <test-method is-config="true" signature="setUp()[pri:0, instance:orangehrmproject.test.HomePageTest@73a8da0f]" started-at="2026-04-02T21:04:24 IST" name="setUp" finished-at="2026-04-02T21:04:24 IST" duration-ms="27" status="PASS">
          <reporter-output>
          </reporter-output>
        </test-method> <!-- setUp -->
        <test-method signature="verifyOrangeHRMLogo(java.lang.String,java.lang.String)[pri:0, instance:orangehrmproject.test.HomePageTest@73a8da0f]" started-at="2026-04-02T21:04:24 IST" name="verifyOrangeHRMLogo" data-provider="ValidLoginData" finished-at="2026-04-02T21:04:43 IST" duration-ms="18884" status="PASS">
          <params>
            <param index="0">
              <value>
                <![CDATA[Mahesh]]>
              </value>
            </param>
            <param index="1">
              <value>
                <![CDATA[Mahesh@123]]>
              </value>
            </param>
          </params>
          <reporter-output>
          </reporter-output>
        </test-method> <!-- verifyOrangeHRMLogo -->
        <test-method is-config="true" signature="tearDown()[pri:0, instance:orangehrmproject.test.HomePageTest@73a8da0f]" started-at="2026-04-02T21:04:44 IST" name="tearDown" finished-at="2026-04-02T21:04:57 IST" duration-ms="12549" status="PASS">
          <reporter-output>
          </reporter-output>
        </test-method> <!-- tearDown -->
        <test-method is-config="true" signature="setup(java.lang.reflect.Method,org.testng.ITestContext)[pri:0, instance:orangehrmproject.test.HomePageTest@73a8da0f]" started-at="2026-04-02T21:04:57 IST" name="setup" finished-at="2026-04-02T21:05:05 IST" duration-ms="8149" status="PASS">
          <params>
            <param index="0">
              <value>
                <![CDATA[public void orangehrmproject.test.HomePageTest.verifyOrangeHRMLogo(java.lang.String,java.lang.String)]]>
              </value>
            </param>
            <param index="1">
              <value>
                <![CDATA[org.testng.TestRunner@63a5d002]]>
              </value>
            </param>
          </params>
          <reporter-output>
          </reporter-output>
        </test-method> <!-- setup -->
        <test-method is-config="true" signature="setUp()[pri:0, instance:orangehrmproject.test.HomePageTest@73a8da0f]" started-at="2026-04-02T21:05:05 IST" name="setUp" finished-at="2026-04-02T21:05:05 IST" duration-ms="0" status="PASS">
          <reporter-output>
          </reporter-output>
        </test-method> <!-- setUp -->
        <test-method signature="verifyOrangeHRMLogo(java.lang.String,java.lang.String)[pri:0, instance:orangehrmproject.test.HomePageTest@73a8da0f]" started-at="2026-04-02T21:05:05 IST" name="verifyOrangeHRMLogo" data-provider="ValidLoginData" finished-at="2026-04-02T21:05:13 IST" duration-ms="7819" status="PASS">
          <params>
            <param index="0">
              <value>
                <![CDATA[Mahesh]]>
              </value>
            </param>
            <param index="1">
              <value>
                <![CDATA[Mahesh@123]]>
              </value>
            </param>
          </params>
          <reporter-output>
          </reporter-output>
        </test-method> <!-- verifyOrangeHRMLogo -->
        <test-method is-config="true" signature="tearDown()[pri:0, instance:orangehrmproject.test.HomePageTest@73a8da0f]" started-at="2026-04-02T21:05:13 IST" name="tearDown" finished-at="2026-04-02T21:05:15 IST" duration-ms="1327" status="PASS">
          <reporter-output>
          </reporter-output>
        </test-method> <!-- tearDown -->
      </class> <!-- orangehrmproject.test.HomePageTest -->
    </test> <!-- OrangeHRMTest -->
  </suite> <!-- OrangeHRMSuite -->
</testng-results>
