<?xml version="1.0" encoding="UTF-8"?>
<testng-results ignored="0" total="9" passed="9" failed="0" skipped="0">
  <reporter-output>
  </reporter-output>
  <suite started-at="2026-04-08T06:26:43 IST" name="OrangeHRMSuite" finished-at="2026-04-08T06:28:45 IST" duration-ms="122553">
    <groups>
    </groups>
    <test started-at="2026-04-08T06:26:43 IST" name="OrangeHRMTest_edge" finished-at="2026-04-08T06:28:45 IST" duration-ms="122553">
      <class name="orangehrmproject.test.ApiTest">
        <test-method signature="verifyGetUsersApi()[pri:0, instance:orangehrmproject.test.ApiTest@5dcb4f5f]" started-at="2026-04-08T06:28:13 IST" name="verifyGetUsersApi" finished-at="2026-04-08T06:28:20 IST" duration-ms="6686" status="PASS">
          <reporter-output>
          </reporter-output>
        </test-method> <!-- verifyGetUsersApi -->
      </class> <!-- orangehrmproject.test.ApiTest -->
      <class name="orangehrmproject.test.DBVerificationTest">
        <test-method is-config="true" signature="setup(java.lang.String)[pri:0, instance:orangehrmproject.test.DBVerificationTest@bcef303]" started-at="2026-04-08T06:26:44 IST" name="setup" finished-at="2026-04-08T06:27:29 IST" duration-ms="44890" status="PASS">
          <params>
            <param index="0">
              <value>
                <![CDATA[edge]]>
              </value>
            </param>
          </params>
          <reporter-output>
          </reporter-output>
        </test-method> <!-- setup -->
        <test-method is-config="true" signature="setUpPages()[pri:0, instance:orangehrmproject.test.DBVerificationTest@bcef303]" started-at="2026-04-08T06:27:29 IST" name="setUpPages" finished-at="2026-04-08T06:27:29 IST" duration-ms="56" status="PASS">
          <reporter-output>
          </reporter-output>
        </test-method> <!-- setUpPages -->
        <test-method signature="verifyEmpNameFromDb(java.lang.String,java.lang.String)[pri:0, instance:orangehrmproject.test.DBVerificationTest@bcef303]" started-at="2026-04-08T06:27:29 IST" name="verifyEmpNameFromDb" data-provider="empVerification" finished-at="2026-04-08T06:28:13 IST" duration-ms="43306" status="PASS">
          <params>
            <param index="0">
              <value>
                <![CDATA[1]]>
              </value>
            </param>
            <param index="1">
              <value>
                <![CDATA[Mahesh]]>
              </value>
            </param>
          </params>
          <reporter-output>
          </reporter-output>
        </test-method> <!-- verifyEmpNameFromDb -->
        <test-method is-config="true" signature="tearDown()[pri:0, instance:orangehrmproject.test.DBVerificationTest@bcef303]" started-at="2026-04-08T06:28:13 IST" name="tearDown" finished-at="2026-04-08T06:28:13 IST" duration-ms="553" status="PASS">
          <reporter-output>
          </reporter-output>
        </test-method> <!-- tearDown -->
      </class> <!-- orangehrmproject.test.DBVerificationTest -->
      <class name="orangehrmproject.test.DummyClass2">
        <test-method is-config="true" signature="setup(java.lang.String)[pri:0, instance:orangehrmproject.test.DummyClass2@68b32e3e]" started-at="2026-04-08T06:26:43 IST" name="setup" finished-at="2026-04-08T06:27:29 IST" duration-ms="45904" status="PASS">
          <params>
            <param index="0">
              <value>
                <![CDATA[edge]]>
              </value>
            </param>
          </params>
          <reporter-output>
          </reporter-output>
        </test-method> <!-- setup -->
        <test-method signature="dummyTest()[pri:0, instance:orangehrmproject.test.DummyClass2@68b32e3e]" started-at="2026-04-08T06:27:29 IST" name="dummyTest" finished-at="2026-04-08T06:27:30 IST" duration-ms="322" status="PASS">
          <reporter-output>
          </reporter-output>
        </test-method> <!-- dummyTest -->
        <test-method is-config="true" signature="tearDown()[pri:0, instance:orangehrmproject.test.DummyClass2@68b32e3e]" started-at="2026-04-08T06:27:31 IST" name="tearDown" finished-at="2026-04-08T06:27:34 IST" duration-ms="2891" status="PASS">
          <reporter-output>
          </reporter-output>
        </test-method> <!-- tearDown -->
      </class> <!-- orangehrmproject.test.DummyClass2 -->
      <class name="orangehrmproject.test.DummyClass">
        <test-method is-config="true" signature="loadconfig()[pri:0, instance:orangehrmproject.test.DummyClass@6bca7e0d]" started-at="2026-04-08T06:26:43 IST" name="loadconfig" finished-at="2026-04-08T06:26:43 IST" duration-ms="30" status="PASS">
          <reporter-output>
          </reporter-output>
        </test-method> <!-- loadconfig -->
        <test-method is-config="true" signature="setup(java.lang.String)[pri:0, instance:orangehrmproject.test.DummyClass@6bca7e0d]" started-at="2026-04-08T06:26:43 IST" name="setup" finished-at="2026-04-08T06:27:29 IST" duration-ms="45904" status="PASS">
          <params>
            <param index="0">
              <value>
                <![CDATA[edge]]>
              </value>
            </param>
          </params>
          <reporter-output>
          </reporter-output>
        </test-method> <!-- setup -->
        <test-method signature="dummyTest()[pri:0, instance:orangehrmproject.test.DummyClass@6bca7e0d]" started-at="2026-04-08T06:27:29 IST" name="dummyTest" finished-at="2026-04-08T06:27:30 IST" duration-ms="322" status="PASS">
          <reporter-output>
          </reporter-output>
        </test-method> <!-- dummyTest -->
        <test-method is-config="true" signature="tearDown()[pri:0, instance:orangehrmproject.test.DummyClass@6bca7e0d]" started-at="2026-04-08T06:27:30 IST" name="tearDown" finished-at="2026-04-08T06:27:34 IST" duration-ms="3717" status="PASS">
          <reporter-output>
          </reporter-output>
        </test-method> <!-- tearDown -->
      </class> <!-- orangehrmproject.test.DummyClass -->
      <class name="orangehrmproject.test.LoginPageTest">
        <test-method is-config="true" signature="setup(java.lang.String)[pri:0, instance:orangehrmproject.test.LoginPageTest@1f3f02ee]" started-at="2026-04-08T06:27:34 IST" name="setup" finished-at="2026-04-08T06:27:48 IST" duration-ms="13741" status="PASS">
          <params>
            <param index="0">
              <value>
                <![CDATA[edge]]>
              </value>
            </param>
          </params>
          <reporter-output>
          </reporter-output>
        </test-method> <!-- setup -->
        <test-method is-config="true" signature="setUpPages()[pri:0, instance:orangehrmproject.test.LoginPageTest@1f3f02ee]" started-at="2026-04-08T06:27:48 IST" name="setUpPages" finished-at="2026-04-08T06:27:48 IST" duration-ms="2" status="PASS">
          <reporter-output>
          </reporter-output>
        </test-method> <!-- setUpPages -->
        <test-method signature="invalidLoginTest(java.lang.String,java.lang.String)[pri:0, instance:orangehrmproject.test.LoginPageTest@1f3f02ee]" started-at="2026-04-08T06:27:48 IST" name="invalidLoginTest" data-provider="InvalidLoginData" finished-at="2026-04-08T06:27:56 IST" duration-ms="7941" status="PASS">
          <params>
            <param index="0">
              <value>
                <![CDATA[Admin]]>
              </value>
            </param>
            <param index="1">
              <value>
                <![CDATA[admin1234]]>
              </value>
            </param>
          </params>
          <reporter-output>
          </reporter-output>
        </test-method> <!-- invalidLoginTest -->
        <test-method is-config="true" signature="tearDown()[pri:0, instance:orangehrmproject.test.LoginPageTest@1f3f02ee]" started-at="2026-04-08T06:27:56 IST" name="tearDown" finished-at="2026-04-08T06:27:58 IST" duration-ms="1826" status="PASS">
          <reporter-output>
          </reporter-output>
        </test-method> <!-- tearDown -->
        <test-method is-config="true" signature="setup(java.lang.String)[pri:0, instance:orangehrmproject.test.LoginPageTest@1f3f02ee]" started-at="2026-04-08T06:27:58 IST" name="setup" finished-at="2026-04-08T06:28:08 IST" duration-ms="9979" status="PASS">
          <params>
            <param index="0">
              <value>
                <![CDATA[edge]]>
              </value>
            </param>
          </params>
          <reporter-output>
          </reporter-output>
        </test-method> <!-- setup -->
        <test-method is-config="true" signature="setUpPages()[pri:0, instance:orangehrmproject.test.LoginPageTest@1f3f02ee]" started-at="2026-04-08T06:28:08 IST" name="setUpPages" finished-at="2026-04-08T06:28:08 IST" duration-ms="1" status="PASS">
          <reporter-output>
          </reporter-output>
        </test-method> <!-- setUpPages -->
        <test-method signature="verifyValidLoginTest(java.lang.String,java.lang.String)[pri:0, instance:orangehrmproject.test.LoginPageTest@1f3f02ee]" started-at="2026-04-08T06:28:08 IST" name="verifyValidLoginTest" data-provider="ValidLoginData" finished-at="2026-04-08T06:28:28 IST" duration-ms="20377" status="PASS">
          <params>
            <param index="0">
              <value>
                <![CDATA[Mahesh]]>
              </value>
            </param>
            <param index="1">
              <value>
                <![CDATA[Mahesh@123]]>
              </value>
            </param>
          </params>
          <reporter-output>
          </reporter-output>
        </test-method> <!-- verifyValidLoginTest -->
        <test-method is-config="true" signature="tearDown()[pri:0, instance:orangehrmproject.test.LoginPageTest@1f3f02ee]" started-at="2026-04-08T06:28:28 IST" name="tearDown" finished-at="2026-04-08T06:28:29 IST" duration-ms="342" status="PASS">
          <reporter-output>
          </reporter-output>
        </test-method> <!-- tearDown -->
        <test-method is-config="true" signature="setup(java.lang.String)[pri:0, instance:orangehrmproject.test.LoginPageTest@1f3f02ee]" started-at="2026-04-08T06:28:29 IST" name="setup" finished-at="2026-04-08T06:28:35 IST" duration-ms="6275" status="PASS">
          <params>
            <param index="0">
              <value>
                <![CDATA[edge]]>
              </value>
            </param>
          </params>
          <reporter-output>
          </reporter-output>
        </test-method> <!-- setup -->
        <test-method signature="verifyValidLoginTest(java.lang.String,java.lang.String)[pri:0, instance:orangehrmproject.test.LoginPageTest@1f3f02ee]" started-at="2026-04-08T06:28:35 IST" name="verifyValidLoginTest" data-provider="ValidLoginData" finished-at="2026-04-08T06:28:45 IST" duration-ms="10169" status="PASS">
          <params>
            <param index="0">
              <value>
                <![CDATA[Mahesh]]>
              </value>
            </param>
            <param index="1">
              <value>
                <![CDATA[Mahesh@123]]>
              </value>
            </param>
          </params>
          <reporter-output>
          </reporter-output>
        </test-method> <!-- verifyValidLoginTest -->
        <test-method is-config="true" signature="setUpPages()[pri:0, instance:orangehrmproject.test.LoginPageTest@1f3f02ee]" started-at="2026-04-08T06:28:35 IST" name="setUpPages" finished-at="2026-04-08T06:28:35 IST" duration-ms="0" status="PASS">
          <reporter-output>
          </reporter-output>
        </test-method> <!-- setUpPages -->
        <test-method is-config="true" signature="tearDown()[pri:0, instance:orangehrmproject.test.LoginPageTest@1f3f02ee]" started-at="2026-04-08T06:28:45 IST" name="tearDown" finished-at="2026-04-08T06:28:45 IST" duration-ms="286" status="PASS">
          <reporter-output>
          </reporter-output>
        </test-method> <!-- tearDown -->
      </class> <!-- orangehrmproject.test.LoginPageTest -->
      <class name="orangehrmproject.test.HomePageTest">
        <test-method is-config="true" signature="setup(java.lang.String)[pri:0, instance:orangehrmproject.test.HomePageTest@1fde5d22]" started-at="2026-04-08T06:27:34 IST" name="setup" finished-at="2026-04-08T06:27:47 IST" duration-ms="13680" status="PASS">
          <params>
            <param index="0">
              <value>
                <![CDATA[edge]]>
              </value>
            </param>
          </params>
          <reporter-output>
          </reporter-output>
        </test-method> <!-- setup -->
        <test-method is-config="true" signature="setUp()[pri:0, instance:orangehrmproject.test.HomePageTest@1fde5d22]" started-at="2026-04-08T06:27:47 IST" name="setUp" finished-at="2026-04-08T06:27:47 IST" duration-ms="2" status="PASS">
          <reporter-output>
          </reporter-output>
        </test-method> <!-- setUp -->
        <test-method signature="verifyOrangeHRMLogo(java.lang.String,java.lang.String)[pri:0, instance:orangehrmproject.test.HomePageTest@1fde5d22]" started-at="2026-04-08T06:27:47 IST" name="verifyOrangeHRMLogo" data-provider="ValidLoginData" finished-at="2026-04-08T06:27:59 IST" duration-ms="11203" status="PASS">
          <params>
            <param index="0">
              <value>
                <![CDATA[Mahesh]]>
              </value>
            </param>
            <param index="1">
              <value>
                <![CDATA[Mahesh@123]]>
              </value>
            </param>
          </params>
          <reporter-output>
          </reporter-output>
        </test-method> <!-- verifyOrangeHRMLogo -->
        <test-method is-config="true" signature="tearDown()[pri:0, instance:orangehrmproject.test.HomePageTest@1fde5d22]" started-at="2026-04-08T06:27:59 IST" name="tearDown" finished-at="2026-04-08T06:28:01 IST" duration-ms="1594" status="PASS">
          <reporter-output>
          </reporter-output>
        </test-method> <!-- tearDown -->
        <test-method is-config="true" signature="setup(java.lang.String)[pri:0, instance:orangehrmproject.test.HomePageTest@1fde5d22]" started-at="2026-04-08T06:28:01 IST" name="setup" finished-at="2026-04-08T06:28:10 IST" duration-ms="8476" status="PASS">
          <params>
            <param index="0">
              <value>
                <![CDATA[edge]]>
              </value>
            </param>
          </params>
          <reporter-output>
          </reporter-output>
        </test-method> <!-- setup -->
        <test-method is-config="true" signature="setUp()[pri:0, instance:orangehrmproject.test.HomePageTest@1fde5d22]" started-at="2026-04-08T06:28:10 IST" name="setUp" finished-at="2026-04-08T06:28:10 IST" duration-ms="1" status="PASS">
          <reporter-output>
          </reporter-output>
        </test-method> <!-- setUp -->
        <test-method signature="verifyOrangeHRMLogo(java.lang.String,java.lang.String)[pri:0, instance:orangehrmproject.test.HomePageTest@1fde5d22]" started-at="2026-04-08T06:28:10 IST" name="verifyOrangeHRMLogo" data-provider="ValidLoginData" finished-at="2026-04-08T06:28:21 IST" duration-ms="11722" status="PASS">
          <params>
            <param index="0">
              <value>
                <![CDATA[Mahesh]]>
              </value>
            </param>
            <param index="1">
              <value>
                <![CDATA[Mahesh@123]]>
              </value>
            </param>
          </params>
          <reporter-output>
          </reporter-output>
        </test-method> <!-- verifyOrangeHRMLogo -->
        <test-method is-config="true" signature="tearDown()[pri:0, instance:orangehrmproject.test.HomePageTest@1fde5d22]" started-at="2026-04-08T06:28:22 IST" name="tearDown" finished-at="2026-04-08T06:28:23 IST" duration-ms="1617" status="PASS">
          <reporter-output>
          </reporter-output>
        </test-method> <!-- tearDown -->
      </class> <!-- orangehrmproject.test.HomePageTest -->
    </test> <!-- OrangeHRMTest_edge -->
  </suite> <!-- OrangeHRMSuite -->
</testng-results>
