<?xml version="1.0" encoding="UTF-8"?>
<!-- Generated by org.testng.reporters.JUnitReportReporter -->
<testsuite hostname="LAPTOP-8IINSRMD" failures="0" tests="2" name="orangehrmproject.test.HomePageTest" time="29.150" errors="0" timestamp="2026-04-02T20:53:14 IST" skipped="0">
  <testcase classname="orangehrmproject.test.HomePageTest" name="verifyOrangeHRMLogo" time="12.617"/>
  <testcase classname="orangehrmproject.test.HomePageTest" name="verifyOrangeHRMLogo" time="16.533"/>
</testsuite> <!-- orangehrmproject.test.HomePageTest -->
