<?xml version="1.0" encoding="UTF-8"?>
<!-- Generated by org.testng.reporters.JUnitReportReporter -->
<testsuite hostname="LAPTOP-8IINSRMD" failures="0" tests="3" name="orangehrmproject.test.LoginPageTest" time="76.672" errors="0" timestamp="2026-04-08T10:25:37 IST" skipped="0">
  <testcase classname="orangehrmproject.test.LoginPageTest" name="verifyValidLoginTest" time="36.513"/>
  <testcase classname="orangehrmproject.test.LoginPageTest" name="invalidLoginTest" time="15.695"/>
  <testcase classname="orangehrmproject.test.LoginPageTest" name="verifyValidLoginTest" time="24.464"/>
</testsuite> <!-- orangehrmproject.test.LoginPageTest -->
