<?xml version="1.0" encoding="UTF-8"?>
<!-- Generated by org.testng.reporters.JUnitReportReporter -->
<testsuite hostname="LAPTOP-8IINSRMD" failures="0" tests="3" name="orangehrmproject.test.LoginPageTest" time="84.855" errors="0" timestamp="2026-04-08T15:43:16 IST" skipped="0">
  <testcase classname="orangehrmproject.test.LoginPageTest" name="verifyValidLoginTest" time="41.347"/>
  <testcase classname="orangehrmproject.test.LoginPageTest" name="verifyValidLoginTest" time="23.378"/>
  <testcase classname="orangehrmproject.test.LoginPageTest" name="invalidLoginTest" time="20.130"/>
</testsuite> <!-- orangehrmproject.test.LoginPageTest -->
