<?xml version="1.0" encoding="UTF-8"?>
<!-- Generated by org.testng.reporters.JUnitReportReporter -->
<testsuite hostname="LAPTOP-8IINSRMD" failures="0" tests="3" name="orangehrmproject.test.LoginPageTest" time="79.652" errors="0" timestamp="2026-04-02T21:05:35 IST" skipped="0">
  <testcase classname="orangehrmproject.test.LoginPageTest" name="verifyValidLoginTest" time="25.315"/>
  <testcase classname="orangehrmproject.test.LoginPageTest" name="invalidLoginTest" time="39.134"/>
  <testcase classname="orangehrmproject.test.LoginPageTest" name="verifyValidLoginTest" time="15.203"/>
</testsuite> <!-- orangehrmproject.test.LoginPageTest -->
