<?xml version="1.0" encoding="UTF-8"?>
<!-- Generated by org.testng.reporters.JUnitReportReporter -->
<testsuite hostname="LAPTOP-8IINSRMD" failures="0" tests="3" name="orangehrmproject.test.LoginPageTest" time="75.910" errors="0" timestamp="2026-04-03T17:29:52 IST" skipped="0">
  <testcase classname="orangehrmproject.test.LoginPageTest" name="verifyValidLoginTest" time="15.869"/>
  <testcase classname="orangehrmproject.test.LoginPageTest" name="verifyValidLoginTest" time="17.017"/>
  <testcase classname="orangehrmproject.test.LoginPageTest" name="invalidLoginTest" time="43.024"/>
</testsuite> <!-- orangehrmproject.test.LoginPageTest -->
