<?xml version="1.0" encoding="UTF-8"?>
<!-- Generated by org.testng.reporters.JUnitReportReporter -->
<testsuite hostname="LAPTOP-8IINSRMD" failures="0" tests="2" name="orangehrmproject.test.HomePageTest" time="54.240" errors="0" timestamp="2026-04-03T17:29:52 IST" skipped="0">
  <testcase classname="orangehrmproject.test.HomePageTest" name="verifyOrangeHRMLogo" time="34.639"/>
  <testcase classname="orangehrmproject.test.HomePageTest" name="verifyOrangeHRMLogo" time="19.601"/>
</testsuite> <!-- orangehrmproject.test.HomePageTest -->
